<?xml version="1.0" encoding="UTF-8"?>
<!-- Generated by org.testng.reporters.JUnitReportReporter -->
<testsuite hostname="Ganesh-Laptop" failures="0" tests="1" name="testPackage.BuyIItemFromCartTest" time="13.127" errors="0" timestamp="2025-06-05T19:12:00 IST" skipped="0">
  <testcase classname="testPackage.BuyIItemFromCartTest" name="buyitemTC002" time="13.127">
    <system-out>
      <![CDATA[[Testcase--buyitemTC002Started]
Order is placed Successfulley!!!
[Testcase--buyitemTC002Successfulley Executed]]]>
    </system-out>
  </testcase> <!-- buyitemTC002 -->
  <system-out>
    <![CDATA[[Testcase--Default testis started]
[Testcase--buyitemTC002Started]
Order is placed Successfulley!!!
[Testcase--buyitemTC002Successfulley Executed]]]>
  </system-out>
</testsuite> <!-- testPackage.BuyIItemFromCartTest -->
