<?xml version="1.0" encoding="UTF-8"?>
<!-- Generated by org.testng.reporters.JUnitReportReporter -->
<testsuite hostname="Ganesh-Laptop" failures="0" tests="1" name="testPackage.AddToCartTest" time="3.624" errors="0" timestamp="2025-07-03T08:22:54 IST" skipped="0">
  <testcase classname="testPackage.AddToCartTest" name="addToCartTC_001" time="3.624">
    <system-out>
      <![CDATA[[Testcase--addToCartTC_001Started]
XXXXXXXXXXXXXXXXXXXXXProduct is added to cart!!XXXXXXXXXXXXXXXXXXXX
[Testcase--addToCartTC_001Successfulley Executed]]]>
    </system-out>
  </testcase> <!-- addToCartTC_001 -->
  <system-out>
    <![CDATA[[Testcase--Testis started]
[Testcase--addToCartTC_001Started]
XXXXXXXXXXXXXXXXXXXXXProduct is added to cart!!XXXXXXXXXXXXXXXXXXXX
[Testcase--addToCartTC_001Successfulley Executed]
[Testcase--removefromcart003Started]
[Testcase--removefromcart003Successfulley Executed]
[Testcase--buyitemTC002Started]
Order is placed Successfulley!!!
[Testcase--buyitemTC002Successfulley Executed]]]>
  </system-out>
</testsuite> <!-- testPackage.AddToCartTest -->
