<?xml version="1.0" encoding="UTF-8"?>
<!-- Generated by org.testng.reporters.JUnitReportReporter -->
<testsuite hostname="Ganesh-Laptop" failures="0" tests="3" name="testNGHelperAttributes.PriorityHelperAttribute" time="0.016" errors="0" timestamp="2025-05-23T19:28:31 IST" skipped="0">
  <testcase classname="testNGHelperAttributes.PriorityHelperAttribute" name="register" time="0.010">
    <system-out>
      <![CDATA[This is register Method]]>
    </system-out>
  </testcase> <!-- register -->
  <testcase classname="testNGHelperAttributes.PriorityHelperAttribute" name="login" time="0.003">
    <system-out>
      <![CDATA[This is login Method]]>
    </system-out>
  </testcase> <!-- login -->
  <testcase classname="testNGHelperAttributes.PriorityHelperAttribute" name="addToCart" time="0.003">
    <system-out>
      <![CDATA[This is addToCart Method]]>
    </system-out>
  </testcase> <!-- addToCart -->
  <system-out>
    <![CDATA[This is register Method
This is login Method
This is addToCart Method]]>
  </system-out>
</testsuite> <!-- testNGHelperAttributes.PriorityHelperAttribute -->
