<?xml version="1.0" encoding="UTF-8"?>
<!-- Generated by org.testng.reporters.JUnitReportReporter -->
<testsuite hostname="Ganesh-Laptop" failures="0" tests="1" name="testNGCars.MercedesTC" time="7.002" errors="0" timestamp="2025-05-27T20:07:59 IST" skipped="0">
  <testcase classname="testNGCars.MercedesTC" name="mercedes" time="7.002"/>
</testsuite> <!-- testNGCars.MercedesTC -->
