<?xml version="1.0" encoding="UTF-8"?>
<!-- Generated by org.testng.reporters.JUnitReportReporter -->
<testsuite hostname="Ganesh-Laptop" failures="0" tests="2" name="testNGCars.AstonMartinCrossBrowser" time="41.498" errors="0" timestamp="2025-05-28T18:58:21 IST" skipped="0">
  <testcase classname="testNGCars.AstonMartinCrossBrowser" name="astonMartin" time="19.757"/>
  <testcase classname="testNGCars.AstonMartinCrossBrowser" name="astonMartin" time="21.741"/>
</testsuite> <!-- testNGCars.AstonMartinCrossBrowser -->
