<?xml version="1.0" encoding="UTF-8"?>
<!-- Generated by org.testng.reporters.JUnitReportReporter -->
<testsuite hostname="Ganesh-Laptop" failures="0" tests="1" name="testNGAnnotations2.RemovefromCartTC" time="5.739" errors="0" timestamp="2025-06-02T19:40:46 IST" skipped="0">
  <testcase classname="testNGAnnotations2.RemovefromCartTC" name="removefromcart003" time="5.739">
    <system-out>
      <![CDATA[[Testcase--removefromcart003Started]
[Testcase--removefromcart003Successfulley Executed]]]>
    </system-out>
  </testcase> <!-- removefromcart003 -->
  <system-out>
    <![CDATA[[Testcase--Default testis started]
[Testcase--removefromcart003Started]
[Testcase--removefromcart003Successfulley Executed]]]>
  </system-out>
</testsuite> <!-- testNGAnnotations2.RemovefromCartTC -->
