<?xml version="1.0" encoding="UTF-8"?>
<!-- Generated by org.testng.reporters.JUnitReportReporter -->
<testsuite hostname="Ganesh-Laptop" failures="0" tests="3" name="testNGHelperAttributes.InvocationCountAttribute" time="0.018" errors="0" timestamp="2025-05-23T19:06:38 IST" skipped="0">
  <testcase classname="testNGHelperAttributes.InvocationCountAttribute" name="register" time="0.007">
    <system-out>
      <![CDATA[This is Register Method]]>
    </system-out>
  </testcase> <!-- register -->
  <testcase classname="testNGHelperAttributes.InvocationCountAttribute" name="addToCart" time="0.002">
    <system-out>
      <![CDATA[This is Login Method]]>
    </system-out>
  </testcase> <!-- addToCart -->
  <testcase classname="testNGHelperAttributes.InvocationCountAttribute" name="addToCart" time="0.009">
    <system-out>
      <![CDATA[This is Login Method]]>
    </system-out>
  </testcase> <!-- addToCart -->
  <system-out>
    <![CDATA[This is Login Method
This is Login Method
This is Register Method]]>
  </system-out>
</testsuite> <!-- testNGHelperAttributes.InvocationCountAttribute -->
