<?xml version="1.0" encoding="UTF-8"?>
<!-- Generated by org.testng.reporters.JUnitReportReporter -->
<testsuite hostname="Ganesh-Laptop" failures="0" tests="5" name="testNGDataProvider.DataProvider1" time="51.721" errors="0" timestamp="2025-05-30T20:06:44 IST" skipped="0">
  <testcase classname="testNGDataProvider.DataProvider1" name="invalidlogin" time="10.908"/>
  <testcase classname="testNGDataProvider.DataProvider1" name="invalidlogin" time="10.209"/>
  <testcase classname="testNGDataProvider.DataProvider1" name="invalidlogin" time="9.804"/>
  <testcase classname="testNGDataProvider.DataProvider1" name="invalidlogin" time="9.956"/>
  <testcase classname="testNGDataProvider.DataProvider1" name="invalidlogin" time="10.844"/>
</testsuite> <!-- testNGDataProvider.DataProvider1 -->
