<?xml version="1.0" encoding="UTF-8"?>
<!-- Generated by org.testng.reporters.JUnitReportReporter -->
<testsuite hostname="Ganesh-Laptop" failures="0" tests="2" name="testNGHelperAttributes.EnabledHelperAttribute" time="8.949" errors="0" timestamp="2025-05-23T20:09:57 IST" skipped="1">
  <testcase classname="testNGHelperAttributes.EnabledHelperAttribute" name="launchInsta" time="8.949">
    <system-out>
      <![CDATA[Selenium.dev is launched!!]]>
    </system-out>
  </testcase> <!-- launchInsta -->
  <testcase classname="testNGHelperAttributes.EnabledHelperAttribute" name="launchfacebook">
    <skipped/>
  </testcase> <!-- launchfacebook -->
  <system-out>
    <![CDATA[Selenium.dev is launched!!]]>
  </system-out>
</testsuite> <!-- testNGHelperAttributes.EnabledHelperAttribute -->
