<?xml version="1.0" encoding="UTF-8"?>
<!-- Generated by org.testng.reporters.JUnitReportReporter -->
<testsuite hostname="Ganesh-Laptop" failures="0" tests="10" name="testNGHelperAttributes.ThreadPullSizeHelperAttribute" time="91.687" errors="0" timestamp="2025-05-23T20:01:36 IST" skipped="0">
  <testcase classname="testNGHelperAttributes.ThreadPullSizeHelperAttribute" name="launchJavaTpoint" time="11.341">
    <system-out>
      <![CDATA[Selenium.dev is launched!!]]>
    </system-out>
  </testcase> <!-- launchJavaTpoint -->
  <testcase classname="testNGHelperAttributes.ThreadPullSizeHelperAttribute" name="launchJavaTpoint" time="16.069">
    <system-out>
      <![CDATA[Selenium.dev is launched!!]]>
    </system-out>
  </testcase> <!-- launchJavaTpoint -->
  <testcase classname="testNGHelperAttributes.ThreadPullSizeHelperAttribute" name="launchJavaTpoint" time="12.351">
    <system-out>
      <![CDATA[Selenium.dev is launched!!]]>
    </system-out>
  </testcase> <!-- launchJavaTpoint -->
  <testcase classname="testNGHelperAttributes.ThreadPullSizeHelperAttribute" name="launchJavaTpoint" time="9.486">
    <system-out>
      <![CDATA[Selenium.dev is launched!!]]>
    </system-out>
  </testcase> <!-- launchJavaTpoint -->
  <testcase classname="testNGHelperAttributes.ThreadPullSizeHelperAttribute" name="launchJavaTpoint" time="11.725">
    <system-out>
      <![CDATA[Selenium.dev is launched!!]]>
    </system-out>
  </testcase> <!-- launchJavaTpoint -->
  <testcase classname="testNGHelperAttributes.ThreadPullSizeHelperAttribute" name="launchSelenium" time="5.622">
    <system-out>
      <![CDATA[Selenium.dev is launched!!]]>
    </system-out>
  </testcase> <!-- launchSelenium -->
  <testcase classname="testNGHelperAttributes.ThreadPullSizeHelperAttribute" name="launchSelenium" time="5.243">
    <system-out>
      <![CDATA[Selenium.dev is launched!!]]>
    </system-out>
  </testcase> <!-- launchSelenium -->
  <testcase classname="testNGHelperAttributes.ThreadPullSizeHelperAttribute" name="launchSelenium" time="6.885">
    <system-out>
      <![CDATA[Selenium.dev is launched!!]]>
    </system-out>
  </testcase> <!-- launchSelenium -->
  <testcase classname="testNGHelperAttributes.ThreadPullSizeHelperAttribute" name="launchSelenium" time="6.974">
    <system-out>
      <![CDATA[Selenium.dev is launched!!]]>
    </system-out>
  </testcase> <!-- launchSelenium -->
  <testcase classname="testNGHelperAttributes.ThreadPullSizeHelperAttribute" name="launchSelenium" time="5.991">
    <system-out>
      <![CDATA[Selenium.dev is launched!!]]>
    </system-out>
  </testcase> <!-- launchSelenium -->
  <system-out>
    <![CDATA[Selenium.dev is launched!!
Selenium.dev is launched!!
Selenium.dev is launched!!
Selenium.dev is launched!!
Selenium.dev is launched!!
Selenium.dev is launched!!
Selenium.dev is launched!!
Selenium.dev is launched!!
Selenium.dev is launched!!
Selenium.dev is launched!!]]>
  </system-out>
</testsuite> <!-- testNGHelperAttributes.ThreadPullSizeHelperAttribute -->
