<?xml version="1.0" encoding="UTF-8"?>
<!-- Generated by org.testng.reporters.JUnitReportReporter -->
<testsuite hostname="Ganesh-Laptop" failures="0" tests="1" name="testNGBikes.HarleyDevidsonBikeTC" time="11.284" errors="0" timestamp="2025-05-27T18:41:46 IST" skipped="0">
  <testcase classname="testNGBikes.HarleyDevidsonBikeTC" name="Harley" time="11.284"/>
</testsuite> <!-- testNGBikes.HarleyDevidsonBikeTC -->
