<?xml version="1.0" encoding="UTF-8"?>
<!-- Generated by org.testng.reporters.JUnitReportReporter -->
<testsuite hostname="Ganesh-Laptop" failures="0" tests="3" name="testNGAnnotations.ConfigurationAnnotations" time="0.032" errors="0" timestamp="2025-05-28T19:40:56 IST" skipped="0">
  <testcase classname="testNGAnnotations.ConfigurationAnnotations" name="testMethod2" time="0.013">
    <system-out>
      <![CDATA[This is Test Method 2]]>
    </system-out>
  </testcase> <!-- testMethod2 -->
  <testcase classname="testNGAnnotations.ConfigurationAnnotations" name="testMethod" time="0.012">
    <system-out>
      <![CDATA[This is Method 1]]>
    </system-out>
  </testcase> <!-- testMethod -->
  <testcase classname="testNGAnnotations.ConfigurationAnnotations" name="testMethod3" time="0.007">
    <system-out>
      <![CDATA[This is Test Method 3]]>
    </system-out>
  </testcase> <!-- testMethod3 -->
  <system-out>
    <![CDATA[This is BeforeSuitMethod
This is Before Test Method
This is BeforeClass Method
This is Before Method
This is Method 1
This is After Method
This is Before Method
This is Test Method 2
This is After Method
This is Before Method
This is Test Method 3
This is After Method
This is AftereClass Method
This is After Test Method
This is After Suit Method]]>
  </system-out>
</testsuite> <!-- testNGAnnotations.ConfigurationAnnotations -->
