<?xml version="1.0" encoding="UTF-8"?>
<!-- Generated by org.testng.reporters.JUnitReportReporter -->
<testsuite hostname="Ganesh-Laptop" failures="0" tests="1" name="testNGBikes.RoyalEnfiedBikeTC" time="26.685" errors="0" timestamp="2025-05-27T20:07:59 IST" skipped="0">
  <testcase classname="testNGBikes.RoyalEnfiedBikeTC" name="royal" time="26.685"/>
</testsuite> <!-- testNGBikes.RoyalEnfiedBikeTC -->
