<?xml version="1.0" encoding="UTF-8"?>
<!-- Generated by org.testng.reporters.JUnitReportReporter -->
<testsuite hostname="Ganesh-Laptop" failures="0" tests="1" name="testNGHelperAttributes.TimeOutHelperAttribute" time="12.016" errors="0" timestamp="2025-05-26T19:02:44 IST" skipped="0">
  <testcase classname="testNGHelperAttributes.TimeOutHelperAttribute" name="zommato" time="12.016"/>
</testsuite> <!-- testNGHelperAttributes.TimeOutHelperAttribute -->
