<?xml version="1.0" encoding="UTF-8"?>
<!-- Generated by org.testng.reporters.JUnitReportReporter -->
<testsuite hostname="Ganesh-Laptop" failures="0" tests="5" name="testNGDataProvider.ExcelDataProvider" time="38.031" errors="0" timestamp="2025-06-02T19:36:41 IST" skipped="0">
  <testcase classname="testNGDataProvider.ExcelDataProvider" name="invalidlogin" time="6.330"/>
  <testcase classname="testNGDataProvider.ExcelDataProvider" name="invalidlogin" time="7.878"/>
  <testcase classname="testNGDataProvider.ExcelDataProvider" name="invalidlogin" time="8.278"/>
  <testcase classname="testNGDataProvider.ExcelDataProvider" name="invalidlogin" time="7.905"/>
  <testcase classname="testNGDataProvider.ExcelDataProvider" name="invalidlogin" time="7.640"/>
</testsuite> <!-- testNGDataProvider.ExcelDataProvider -->
