<?xml version="1.0" encoding="UTF-8"?>
<!-- Generated by org.testng.reporters.JUnitReportReporter -->
<testsuite hostname="Ganesh-Laptop" failures="0" tests="1" name="testNGCars.BugatiTC" time="11.272" errors="0" timestamp="2025-05-27T18:41:46 IST" skipped="0">
  <testcase classname="testNGCars.BugatiTC" name="bugati" time="11.272"/>
</testsuite> <!-- testNGCars.BugatiTC -->
