<?xml version="1.0" encoding="UTF-8"?>
<!-- Generated by org.testng.reporters.JUnitReportReporter -->
<testsuite hostname="Ganesh-Laptop" failures="0" tests="1" name="testNGBikes.YamahaBikesTC" time="8.659" errors="0" timestamp="2025-05-26T20:04:24 IST" skipped="0">
  <testcase classname="testNGBikes.YamahaBikesTC" name="yamaha" time="8.659"/>
</testsuite> <!-- testNGBikes.YamahaBikesTC -->
